# JRE version: OpenJDK Runtime Environment Zulu17.56+15-CA (17.0.14+7) (build 17.0.14+7-LTS)
# Java VM: OpenJDK 64-Bit Server VM Zulu17.56+15-CA (17.0.14+7-LTS, mixed mode, sharing, tiered, compressed oops, compressed class ptrs, g1 gc, windows-amd64)
GC Precious Log:
 CPUs: 8 total, 8 available
 Memory: 8025M
 Large Page Support: Disabled
 NUMA Support: Disabled
 Compressed Oops: Enabled (Zero based)
 Heap Region Size: 4M
 Heap Min Capacity: 8M
 Heap Initial Capacity: 128M
 Heap Max Capacity: 4608M
 Pre-touch: Disabled
 Parallel Workers: 8
 Concurrent Workers: 2
 Concurrent Refinement Workers: 8
 Periodic GC: Disabled
Heap:
 garbage-first heap   total 425984K, used 335535K [0x00000006e0000000, 0x0000000800000000)
  region size 4096K, 35 young (143360K), 4 survivors (16384K)
 Metaspace       used 102435K, committed 103808K, reserved 1179648K
  class space    used 14283K, committed 14848K, reserved 1048576K
GC Heap History (20 events):
Event: 67.591 GC heap before
{Heap before GC invocations=52 (full 0):
 garbage-first heap   total 229376K, used 183752K [0x00000006e0000000, 0x0000000800000000)
  region size 4096K, 15 young (61440K), 2 survivors (8192K)
 Metaspace       used 84024K, committed 84992K, reserved 1179648K
  class space    used 11609K, committed 12096K, reserved 1048576K
}
Event: 67.600 GC heap after
{Heap after GC invocations=53 (full 0):
 garbage-first heap   total 425984K, used 141907K [0x00000006e0000000, 0x0000000800000000)
  region size 4096K, 2 young (8192K), 2 survivors (8192K)
 Metaspace       used 84024K, committed 84992K, reserved 1179648K
  class space    used 11609K, committed 12096K, reserved 1048576K
}
Event: 74.601 GC heap before
{Heap before GC invocations=53 (full 0):
 garbage-first heap   total 425984K, used 330323K [0x00000006e0000000, 0x0000000800000000)
  region size 4096K, 48 young (196608K), 2 survivors (8192K)
 Metaspace       used 95631K, committed 96640K, reserved 1179648K
  class space    used 13333K, committed 13824K, reserved 1048576K
}
Event: 74.614 GC heap after
{Heap after GC invocations=54 (full 0):
 garbage-first heap   total 425984K, used 152390K [0x00000006e0000000, 0x0000000800000000)
  region size 4096K, 5 young (20480K), 5 survivors (20480K)
 Metaspace       used 95631K, committed 96640K, reserved 1179648K
  class space    used 13333K, committed 13824K, reserved 1048576K
}
Event: 77.896 GC heap before
{Heap before GC invocations=54 (full 0):
 garbage-first heap   total 425984K, used 332614K [0x00000006e0000000, 0x0000000800000000)
  region size 4096K, 49 young (200704K), 5 survivors (20480K)
 Metaspace       used 98334K, committed 99392K, reserved 1179648K
  class space    used 13713K, committed 14208K, reserved 1048576K
}
Event: 77.917 GC heap after
{Heap after GC invocations=55 (full 0):
 garbage-first heap   total 425984K, used 164972K [0x00000006e0000000, 0x0000000800000000)
  region size 4096K, 6 young (24576K), 6 survivors (24576K)
 Metaspace       used 98334K, committed 99392K, reserved 1179648K
  class space    used 13713K, committed 14208K, reserved 1048576K
}
Event: 82.184 GC heap before
{Heap before GC invocations=55 (full 0):
 garbage-first heap   total 425984K, used 332908K [0x00000006e0000000, 0x0000000800000000)
  region size 4096K, 48 young (196608K), 6 survivors (24576K)
 Metaspace       used 99848K, committed 100992K, reserved 1179648K
  class space    used 13957K, committed 14464K, reserved 1048576K
}
Event: 82.247 GC heap after
{Heap after GC invocations=56 (full 0):
 garbage-first heap   total 425984K, used 177155K [0x00000006e0000000, 0x0000000800000000)
  region size 4096K, 5 young (20480K), 5 survivors (20480K)
 Metaspace       used 99848K, committed 100992K, reserved 1179648K
  class space    used 13957K, committed 14464K, reserved 1048576K
}
Event: 84.174 GC heap before
{Heap before GC invocations=56 (full 0):
 garbage-first heap   total 425984K, used 328707K [0x00000006e0000000, 0x0000000800000000)
  region size 4096K, 43 young (176128K), 5 survivors (20480K)
 Metaspace       used 99953K, committed 101120K, reserved 1179648K
  class space    used 13964K, committed 14464K, reserved 1048576K
}
Event: 84.191 GC heap after
{Heap after GC invocations=57 (full 0):
 garbage-first heap   total 425984K, used 181840K [0x00000006e0000000, 0x0000000800000000)
  region size 4096K, 3 young (12288K), 3 survivors (12288K)
 Metaspace       used 99953K, committed 101120K, reserved 1179648K
  class space    used 13964K, committed 14464K, reserved 1048576K
}
Event: 86.403 GC heap before
{Heap before GC invocations=57 (full 0):
 garbage-first heap   total 425984K, used 333392K [0x00000006e0000000, 0x0000000800000000)
  region size 4096K, 41 young (167936K), 3 survivors (12288K)
 Metaspace       used 100283K, committed 101440K, reserved 1179648K
  class space    used 14007K, committed 14528K, reserved 1048576K
}
Event: 86.417 GC heap after
{Heap after GC invocations=58 (full 0):
 garbage-first heap   total 425984K, used 187060K [0x00000006e0000000, 0x0000000800000000)
  region size 4096K, 4 young (16384K), 4 survivors (16384K)
 Metaspace       used 100283K, committed 101440K, reserved 1179648K
  class space    used 14007K, committed 14528K, reserved 1048576K
}
Event: 88.803 GC heap before
{Heap before GC invocations=58 (full 0):
 garbage-first heap   total 425984K, used 338612K [0x00000006e0000000, 0x0000000800000000)
  region size 4096K, 42 young (172032K), 4 survivors (16384K)
 Metaspace       used 101543K, committed 102784K, reserved 1179648K
  class space    used 14176K, committed 14720K, reserved 1048576K
}
Event: 88.825 GC heap after
{Heap after GC invocations=59 (full 0):
 garbage-first heap   total 425984K, used 197144K [0x00000006e0000000, 0x0000000800000000)
  region size 4096K, 5 young (20480K), 5 survivors (20480K)
 Metaspace       used 101543K, committed 102784K, reserved 1179648K
  class space    used 14176K, committed 14720K, reserved 1048576K
}
Event: 91.949 GC heap before
{Heap before GC invocations=59 (full 0):
 garbage-first heap   total 425984K, used 344600K [0x00000006e0000000, 0x0000000800000000)
  region size 4096K, 41 young (167936K), 5 survivors (20480K)
 Metaspace       used 101918K, committed 103232K, reserved 1179648K
  class space    used 14226K, committed 14784K, reserved 1048576K
}
Event: 91.983 GC heap after
{Heap after GC invocations=60 (full 0):
 garbage-first heap   total 425984K, used 205684K [0x00000006e0000000, 0x0000000800000000)
  region size 4096K, 3 young (12288K), 3 survivors (12288K)
 Metaspace       used 101918K, committed 103232K, reserved 1179648K
  class space    used 14226K, committed 14784K, reserved 1048576K
}
Event: 94.266 GC heap before
{Heap before GC invocations=60 (full 0):
 garbage-first heap   total 425984K, used 340852K [0x00000006e0000000, 0x0000000800000000)
  region size 4096K, 37 young (151552K), 3 survivors (12288K)
 Metaspace       used 102144K, committed 103552K, reserved 1179648K
  class space    used 14251K, committed 14848K, reserved 1048576K
}
Event: 94.282 GC heap after
{Heap after GC invocations=61 (full 0):
 garbage-first heap   total 425984K, used 209857K [0x00000006e0000000, 0x0000000800000000)
  region size 4096K, 4 young (16384K), 4 survivors (16384K)
 Metaspace       used 102144K, committed 103552K, reserved 1179648K
  class space    used 14251K, committed 14848K, reserved 1048576K
}
Event: 97.101 GC heap before
{Heap before GC invocations=61 (full 0):
 garbage-first heap   total 425984K, used 345025K [0x00000006e0000000, 0x0000000800000000)
  region size 4096K, 38 young (155648K), 4 survivors (16384K)
 Metaspace       used 102362K, committed 103744K, reserved 1179648K
  class space    used 14272K, committed 14848K, reserved 1048576K
}
Event: 97.128 GC heap after
{Heap after GC invocations=62 (full 0):
 garbage-first heap   total 425984K, used 216751K [0x00000006e0000000, 0x0000000800000000)
  region size 4096K, 4 young (16384K), 4 survivors (16384K)
 Metaspace       used 102362K, committed 103744K, reserved 1179648K
  class space    used 14272K, committed 14848K, reserved 1048576K
}

