# JRE version: OpenJDK Runtime Environment Zulu17.56+15-CA (17.0.14+7) (build 17.0.14+7-LTS)
# Java VM: OpenJDK 64-Bit Server VM Zulu17.56+15-CA (17.0.14+7-LTS, mixed mode, sharing, tiered, compressed oops, compressed class ptrs, g1 gc, windows-amd64)
GC Precious Log:
 CPUs: 8 total, 8 available
 Memory: 8025M
 Large Page Support: Disabled
 NUMA Support: Disabled
 Compressed Oops: Enabled (Zero based)
 Heap Region Size: 4M
 Heap Min Capacity: 8M
 Heap Initial Capacity: 128M
 Heap Max Capacity: 4608M
 Pre-touch: Disabled
 Parallel Workers: 8
 Concurrent Workers: 2
 Concurrent Refinement Workers: 8
 Periodic GC: Disabled
Heap:
 garbage-first heap   total 520192K, used 263256K [0x00000006e0000000, 0x0000000800000000)
  region size 4096K, 5 young (20480K), 5 survivors (20480K)
 Metaspace       used 103842K, committed 105408K, reserved 1179648K
  class space    used 14534K, committed 15296K, reserved 1048576K
GC Heap History (20 events):
Event: 26.874 GC heap after
{Heap after GC invocations=39 (full 0):
 garbage-first heap   total 282624K, used 154947K [0x00000006e0000000, 0x0000000800000000)
  region size 4096K, 1 young (4096K), 1 survivors (4096K)
 Metaspace       used 91933K, committed 92800K, reserved 1179648K
  class space    used 12925K, committed 13312K, reserved 1048576K
}
Event: 27.769 GC heap before
{Heap before GC invocations=39 (full 0):
 garbage-first heap   total 282624K, used 228675K [0x00000006e0000000, 0x0000000800000000)
  region size 4096K, 19 young (77824K), 1 survivors (4096K)
 Metaspace       used 95773K, committed 96704K, reserved 1179648K
  class space    used 13415K, committed 13888K, reserved 1048576K
}
Event: 27.777 GC heap after
{Heap after GC invocations=40 (full 0):
 garbage-first heap   total 520192K, used 158350K [0x00000006e0000000, 0x0000000800000000)
  region size 4096K, 2 young (8192K), 2 survivors (8192K)
 Metaspace       used 95773K, committed 96704K, reserved 1179648K
  class space    used 13415K, committed 13888K, reserved 1048576K
}
Event: 31.011 GC heap before
{Heap before GC invocations=41 (full 0):
 garbage-first heap   total 520192K, used 404110K [0x00000006e0000000, 0x0000000800000000)
  region size 4096K, 63 young (258048K), 2 survivors (8192K)
 Metaspace       used 99045K, committed 100096K, reserved 1179648K
  class space    used 13904K, committed 14400K, reserved 1048576K
}
Event: 31.040 GC heap after
{Heap after GC invocations=42 (full 0):
 garbage-first heap   total 520192K, used 178388K [0x00000006e0000000, 0x0000000800000000)
  region size 4096K, 7 young (28672K), 7 survivors (28672K)
 Metaspace       used 99045K, committed 100096K, reserved 1179648K
  class space    used 13904K, committed 14400K, reserved 1048576K
}
Event: 31.064 GC heap before
{Heap before GC invocations=42 (full 0):
 garbage-first heap   total 520192K, used 178388K [0x00000006e0000000, 0x0000000800000000)
  region size 4096K, 8 young (32768K), 7 survivors (28672K)
 Metaspace       used 99045K, committed 100096K, reserved 1179648K
  class space    used 13904K, committed 14400K, reserved 1048576K
}
Event: 31.127 GC heap after
{Heap after GC invocations=43 (full 0):
 garbage-first heap   total 520192K, used 177719K [0x00000006e0000000, 0x0000000800000000)
  region size 4096K, 1 young (4096K), 1 survivors (4096K)
 Metaspace       used 99045K, committed 100096K, reserved 1179648K
  class space    used 13904K, committed 14400K, reserved 1048576K
}
Event: 32.982 GC heap before
{Heap before GC invocations=43 (full 0):
 garbage-first heap   total 520192K, used 411191K [0x00000006e0000000, 0x0000000800000000)
  region size 4096K, 58 young (237568K), 1 survivors (4096K)
 Metaspace       used 99576K, committed 100800K, reserved 1179648K
  class space    used 13965K, committed 14528K, reserved 1048576K
}
Event: 32.997 GC heap after
{Heap after GC invocations=44 (full 0):
 garbage-first heap   total 520192K, used 190166K [0x00000006e0000000, 0x0000000800000000)
  region size 4096K, 4 young (16384K), 4 survivors (16384K)
 Metaspace       used 99576K, committed 100800K, reserved 1179648K
  class space    used 13965K, committed 14528K, reserved 1048576K
}
Event: 34.394 GC heap before
{Heap before GC invocations=44 (full 0):
 garbage-first heap   total 520192K, used 411350K [0x00000006e0000000, 0x0000000800000000)
  region size 4096K, 59 young (241664K), 4 survivors (16384K)
 Metaspace       used 100862K, committed 102080K, reserved 1179648K
  class space    used 14134K, committed 14720K, reserved 1048576K
}
Event: 34.413 GC heap after
{Heap after GC invocations=45 (full 0):
 garbage-first heap   total 520192K, used 202026K [0x00000006e0000000, 0x0000000800000000)
  region size 4096K, 7 young (28672K), 7 survivors (28672K)
 Metaspace       used 100862K, committed 102080K, reserved 1179648K
  class space    used 14134K, committed 14720K, reserved 1048576K
}
Event: 35.782 GC heap before
{Heap before GC invocations=45 (full 0):
 garbage-first heap   total 520192K, used 415018K [0x00000006e0000000, 0x0000000800000000)
  region size 4096K, 60 young (245760K), 7 survivors (28672K)
 Metaspace       used 101456K, committed 102720K, reserved 1179648K
  class space    used 14207K, committed 14784K, reserved 1048576K
}
Event: 35.811 GC heap after
{Heap after GC invocations=46 (full 0):
 garbage-first heap   total 520192K, used 214372K [0x00000006e0000000, 0x0000000800000000)
  region size 4096K, 7 young (28672K), 7 survivors (28672K)
 Metaspace       used 101456K, committed 102720K, reserved 1179648K
  class space    used 14207K, committed 14784K, reserved 1048576K
}
Event: 37.351 GC heap before
{Heap before GC invocations=46 (full 0):
 garbage-first heap   total 520192K, used 415076K [0x00000006e0000000, 0x0000000800000000)
  region size 4096K, 57 young (233472K), 7 survivors (28672K)
 Metaspace       used 101643K, committed 102976K, reserved 1179648K
  class space    used 14226K, committed 14848K, reserved 1048576K
}
Event: 37.373 GC heap after
{Heap after GC invocations=47 (full 0):
 garbage-first heap   total 520192K, used 222518K [0x00000006e0000000, 0x0000000800000000)
  region size 4096K, 7 young (28672K), 7 survivors (28672K)
 Metaspace       used 101643K, committed 102976K, reserved 1179648K
  class space    used 14226K, committed 14848K, reserved 1048576K
}
Event: 38.334 GC heap before
{Heap before GC invocations=47 (full 0):
 garbage-first heap   total 520192K, used 415030K [0x00000006e0000000, 0x0000000800000000)
  region size 4096K, 55 young (225280K), 7 survivors (28672K)
 Metaspace       used 102409K, committed 103744K, reserved 1179648K
  class space    used 14315K, committed 14976K, reserved 1048576K
}
Event: 38.359 GC heap after
{Heap after GC invocations=48 (full 0):
 garbage-first heap   total 520192K, used 234046K [0x00000006e0000000, 0x0000000800000000)
  region size 4096K, 6 young (24576K), 6 survivors (24576K)
 Metaspace       used 102409K, committed 103744K, reserved 1179648K
  class space    used 14315K, committed 14976K, reserved 1048576K
}
Event: 39.505 GC heap before
{Heap before GC invocations=48 (full 0):
 garbage-first heap   total 520192K, used 414270K [0x00000006e0000000, 0x0000000800000000)
  region size 4096K, 51 young (208896K), 6 survivors (24576K)
 Metaspace       used 103192K, committed 104640K, reserved 1179648K
  class space    used 14430K, committed 15104K, reserved 1048576K
}
Event: 39.531 GC heap after
{Heap after GC invocations=49 (full 0):
 garbage-first heap   total 520192K, used 249531K [0x00000006e0000000, 0x0000000800000000)
  region size 4096K, 5 young (20480K), 5 survivors (20480K)
 Metaspace       used 103192K, committed 104640K, reserved 1179648K
  class space    used 14430K, committed 15104K, reserved 1048576K
}
Event: 40.276 GC heap before
{Heap before GC invocations=49 (full 0):
 garbage-first heap   total 520192K, used 413371K [0x00000006e0000000, 0x0000000800000000)
  region size 4096K, 46 young (188416K), 5 survivors (20480K)
 Metaspace       used 103842K, committed 105408K, reserved 1179648K
  class space    used 14534K, committed 15296K, reserved 1048576K
}

