# JRE version: OpenJDK Runtime Environment (21.0.5) (build 21.0.5+-12932927-b750.29)
# Java VM: OpenJDK 64-Bit Server VM (21.0.5+-12932927-b750.29, mixed mode, tiered, compressed oops, compressed class ptrs, g1 gc, windows-amd64)
GC Precious Log:
 CardTable entry size: 512
 Card Set container configuration: InlinePtr #cards 4 size 8 Array Of Cards #cards 16 size 48 Howl #buckets 8 coarsen threshold 3686 Howl Bitmap #cards 512 size 80 coarsen threshold 460 Card regions per heap region 1 cards per card region 4096
 CPUs: 8 total, 8 available
 Memory: 8025M
 Large Page Support: Disabled
 NUMA Support: Disabled
 Compressed Oops: Enabled (Zero based)
 Heap Region Size: 2M
 Heap Min Capacity: 8M
 Heap Initial Capacity: 126M
 Heap Max Capacity: 4G
 Pre-touch: Disabled
 Parallel Workers: 8
 Concurrent Workers: 2
 Concurrent Refinement Workers: 8
 Periodic GC: Disabled
Heap:
 garbage-first heap   total 356352K, used 221252K [0x0000000700000000, 0x0000000800000000)
  region size 2048K, 6 young (12288K), 6 survivors (12288K)
 Metaspace       used 120786K, committed 123392K, reserved 1179648K
  class space    used 16577K, committed 17856K, reserved 1048576K
GC Heap History (20 events):
Event: 45.754 GC heap after
{Heap after GC invocations=53 (full 0):
 garbage-first heap   total 270336K, used 161980K [0x0000000700000000, 0x0000000800000000)
  region size 2048K, 2 young (4096K), 2 survivors (4096K)
 Metaspace       used 113154K, committed 115456K, reserved 1179648K
  class space    used 15503K, committed 16640K, reserved 1048576K
}
Event: 46.769 GC heap before
{Heap before GC invocations=53 (full 0):
 garbage-first heap   total 270336K, used 247996K [0x0000000700000000, 0x0000000800000000)
  region size 2048K, 44 young (90112K), 2 survivors (4096K)
 Metaspace       used 117092K, committed 119552K, reserved 1179648K
  class space    used 16058K, committed 17280K, reserved 1048576K
}
Event: 46.781 GC heap after
{Heap after GC invocations=54 (full 0):
 garbage-first heap   total 270336K, used 168507K [0x0000000700000000, 0x0000000800000000)
  region size 2048K, 6 young (12288K), 6 survivors (12288K)
 Metaspace       used 117092K, committed 119552K, reserved 1179648K
  class space    used 16058K, committed 17280K, reserved 1048576K
}
Event: 47.110 GC heap before
{Heap before GC invocations=54 (full 0):
 garbage-first heap   total 270336K, used 238139K [0x0000000700000000, 0x0000000800000000)
  region size 2048K, 41 young (83968K), 6 survivors (12288K)
 Metaspace       used 117137K, committed 119552K, reserved 1179648K
  class space    used 16058K, committed 17280K, reserved 1048576K
}
Event: 47.125 GC heap after
{Heap after GC invocations=55 (full 0):
 garbage-first heap   total 270336K, used 174291K [0x0000000700000000, 0x0000000800000000)
  region size 2048K, 3 young (6144K), 3 survivors (6144K)
 Metaspace       used 117137K, committed 119552K, reserved 1179648K
  class space    used 16058K, committed 17280K, reserved 1048576K
}
Event: 48.018 GC heap before
{Heap before GC invocations=56 (full 0):
 garbage-first heap   total 294912K, used 243923K [0x0000000700000000, 0x0000000800000000)
  region size 2048K, 38 young (77824K), 3 survivors (6144K)
 Metaspace       used 118553K, committed 121024K, reserved 1179648K
  class space    used 16308K, committed 17536K, reserved 1048576K
}
Event: 48.027 GC heap after
{Heap after GC invocations=57 (full 0):
 garbage-first heap   total 294912K, used 183928K [0x0000000700000000, 0x0000000800000000)
  region size 2048K, 5 young (10240K), 5 survivors (10240K)
 Metaspace       used 118553K, committed 121024K, reserved 1179648K
  class space    used 16308K, committed 17536K, reserved 1048576K
}
Event: 48.352 GC heap before
{Heap before GC invocations=57 (full 0):
 garbage-first heap   total 294912K, used 267896K [0x0000000700000000, 0x0000000800000000)
  region size 2048K, 46 young (94208K), 5 survivors (10240K)
 Metaspace       used 118590K, committed 121088K, reserved 1179648K
  class space    used 16308K, committed 17536K, reserved 1048576K
}
Event: 48.364 GC heap after
{Heap after GC invocations=58 (full 0):
 garbage-first heap   total 354304K, used 186342K [0x0000000700000000, 0x0000000800000000)
  region size 2048K, 4 young (8192K), 4 survivors (8192K)
 Metaspace       used 118590K, committed 121088K, reserved 1179648K
  class space    used 16308K, committed 17536K, reserved 1048576K
}
Event: 49.394 GC heap before
{Heap before GC invocations=58 (full 0):
 garbage-first heap   total 354304K, used 315366K [0x0000000700000000, 0x0000000800000000)
  region size 2048K, 68 young (139264K), 4 survivors (8192K)
 Metaspace       used 118778K, committed 121280K, reserved 1179648K
  class space    used 16325K, committed 17536K, reserved 1048576K
}
Event: 49.405 GC heap after
{Heap after GC invocations=59 (full 0):
 garbage-first heap   total 354304K, used 192314K [0x0000000700000000, 0x0000000800000000)
  region size 2048K, 6 young (12288K), 6 survivors (12288K)
 Metaspace       used 118778K, committed 121280K, reserved 1179648K
  class space    used 16325K, committed 17536K, reserved 1048576K
}
Event: 50.268 GC heap before
{Heap before GC invocations=59 (full 0):
 garbage-first heap   total 354304K, used 313146K [0x0000000700000000, 0x0000000800000000)
  region size 2048K, 65 young (133120K), 6 survivors (12288K)
 Metaspace       used 119062K, committed 121536K, reserved 1179648K
  class space    used 16360K, committed 17600K, reserved 1048576K
}
Event: 50.281 GC heap after
{Heap after GC invocations=60 (full 0):
 garbage-first heap   total 354304K, used 199311K [0x0000000700000000, 0x0000000800000000)
  region size 2048K, 6 young (12288K), 6 survivors (12288K)
 Metaspace       used 119062K, committed 121536K, reserved 1179648K
  class space    used 16360K, committed 17600K, reserved 1048576K
}
Event: 51.159 GC heap before
{Heap before GC invocations=60 (full 0):
 garbage-first heap   total 354304K, used 313999K [0x0000000700000000, 0x0000000800000000)
  region size 2048K, 63 young (129024K), 6 survivors (12288K)
 Metaspace       used 120292K, committed 122880K, reserved 1179648K
  class space    used 16525K, committed 17792K, reserved 1048576K
}
Event: 51.172 GC heap after
{Heap after GC invocations=61 (full 0):
 garbage-first heap   total 354304K, used 209840K [0x0000000700000000, 0x0000000800000000)
  region size 2048K, 8 young (16384K), 8 survivors (16384K)
 Metaspace       used 120292K, committed 122880K, reserved 1179648K
  class space    used 16525K, committed 17792K, reserved 1048576K
}
Event: 51.575 GC heap before
{Heap before GC invocations=62 (full 0):
 garbage-first heap   total 356352K, used 314288K [0x0000000700000000, 0x0000000800000000)
  region size 2048K, 59 young (120832K), 8 survivors (16384K)
 Metaspace       used 120382K, committed 122944K, reserved 1179648K
  class space    used 16537K, committed 17792K, reserved 1048576K
}
Event: 51.587 GC heap after
{Heap after GC invocations=63 (full 0):
 garbage-first heap   total 356352K, used 213107K [0x0000000700000000, 0x0000000800000000)
  region size 2048K, 4 young (8192K), 4 survivors (8192K)
 Metaspace       used 120382K, committed 122944K, reserved 1179648K
  class space    used 16537K, committed 17792K, reserved 1048576K
}
Event: 52.084 GC heap before
{Heap before GC invocations=63 (full 0):
 garbage-first heap   total 356352K, used 321651K [0x0000000700000000, 0x0000000800000000)
  region size 2048K, 58 young (118784K), 4 survivors (8192K)
 Metaspace       used 120568K, committed 123136K, reserved 1179648K
  class space    used 16557K, committed 17792K, reserved 1048576K
}
Event: 52.099 GC heap after
{Heap after GC invocations=64 (full 0):
 garbage-first heap   total 356352K, used 214872K [0x0000000700000000, 0x0000000800000000)
  region size 2048K, 7 young (14336K), 7 survivors (14336K)
 Metaspace       used 120568K, committed 123136K, reserved 1179648K
  class space    used 16557K, committed 17792K, reserved 1048576K
}
Event: 52.744 GC heap before
{Heap before GC invocations=64 (full 0):
 garbage-first heap   total 356352K, used 317272K [0x0000000700000000, 0x0000000800000000)
  region size 2048K, 58 young (118784K), 7 survivors (14336K)
 Metaspace       used 120786K, committed 123392K, reserved 1179648K
  class space    used 16577K, committed 17856K, reserved 1048576K
}

