# JRE version: OpenJDK Runtime Environment Temurin-21.0.6+7 (21.0.6+7) (build 21.0.6+7-LTS)
# Java VM: OpenJDK 64-Bit Server VM Temurin-21.0.6+7 (21.0.6+7-LTS, mixed mode, sharing, tiered, compressed oops, compressed class ptrs, g1 gc, windows-amd64)
GC Precious Log:
 CardTable entry size: 512
 Card Set container configuration: InlinePtr #cards 4 size 8 Array Of Cards #cards 32 size 80 Howl #buckets 8 coarsen threshold 7372 Howl Bitmap #cards 1024 size 144 coarsen threshold 921 Card regions per heap region 1 cards per card region 8192
 CPUs: 8 total, 8 available
 Memory: 8025M
 Large Page Support: Disabled
 NUMA Support: Disabled
 Compressed Oops: Enabled (Zero based)
 Heap Region Size: 4M
 Heap Min Capacity: 8M
 Heap Initial Capacity: 128M
 Heap Max Capacity: 4608M
 Pre-touch: Disabled
 Parallel Workers: 8
 Concurrent Workers: 2
 Concurrent Refinement Workers: 8
 Periodic GC: Disabled
Heap:
 garbage-first heap   total 1310720K, used 866875K [0x00000006e0000000, 0x0000000800000000)
  region size 4096K, 8 young (32768K), 8 survivors (32768K)
 Metaspace       used 133184K, committed 137216K, reserved 1179648K
  class space    used 18141K, committed 20032K, reserved 1048576K
GC Heap History (20 events):
Event: 1078.302 GC heap after
{Heap after GC invocations=135 (full 0):
 garbage-first heap   total 1310720K, used 698337K [0x00000006e0000000, 0x0000000800000000)
  region size 4096K, 1 young (4096K), 1 survivors (4096K)
 Metaspace       used 131455K, committed 135296K, reserved 1179648K
  class space    used 18004K, committed 19776K, reserved 1048576K
}
Event: 1107.235 GC heap before
{Heap before GC invocations=135 (full 0):
 garbage-first heap   total 1310720K, used 755681K [0x00000006e0000000, 0x0000000800000000)
  region size 4096K, 16 young (65536K), 1 survivors (4096K)
 Metaspace       used 131544K, committed 135360K, reserved 1179648K
  class space    used 18007K, committed 19776K, reserved 1048576K
}
Event: 1107.325 GC heap after
{Heap after GC invocations=136 (full 0):
 garbage-first heap   total 1310720K, used 675840K [0x00000006e0000000, 0x0000000800000000)
  region size 4096K, 2 young (8192K), 2 survivors (8192K)
 Metaspace       used 131544K, committed 135360K, reserved 1179648K
  class space    used 18007K, committed 19776K, reserved 1048576K
}
Event: 1109.079 GC heap before
{Heap before GC invocations=136 (full 0):
 garbage-first heap   total 1310720K, used 733184K [0x00000006e0000000, 0x0000000800000000)
  region size 4096K, 16 young (65536K), 2 survivors (8192K)
 Metaspace       used 131582K, committed 135424K, reserved 1179648K
  class space    used 18009K, committed 19776K, reserved 1048576K
}
Event: 1109.188 GC heap after
{Heap after GC invocations=137 (full 0):
 garbage-first heap   total 1310720K, used 651068K [0x00000006e0000000, 0x0000000800000000)
  region size 4096K, 1 young (4096K), 1 survivors (4096K)
 Metaspace       used 131582K, committed 135424K, reserved 1179648K
  class space    used 18009K, committed 19776K, reserved 1048576K
}
Event: 1115.475 GC heap before
{Heap before GC invocations=137 (full 0):
 garbage-first heap   total 1310720K, used 712508K [0x00000006e0000000, 0x0000000800000000)
  region size 4096K, 16 young (65536K), 1 survivors (4096K)
 Metaspace       used 131705K, committed 135552K, reserved 1179648K
  class space    used 18011K, committed 19776K, reserved 1048576K
}
Event: 1115.533 GC heap after
{Heap after GC invocations=138 (full 0):
 garbage-first heap   total 1310720K, used 644592K [0x00000006e0000000, 0x0000000800000000)
  region size 4096K, 2 young (8192K), 2 survivors (8192K)
 Metaspace       used 131705K, committed 135552K, reserved 1179648K
  class space    used 18011K, committed 19776K, reserved 1048576K
}
Event: 1133.998 GC heap before
{Heap before GC invocations=138 (full 0):
 garbage-first heap   total 1310720K, used 1160688K [0x00000006e0000000, 0x0000000800000000)
  region size 4096K, 128 young (524288K), 2 survivors (8192K)
 Metaspace       used 132220K, committed 136128K, reserved 1179648K
  class space    used 18054K, committed 19904K, reserved 1048576K
}
Event: 1134.136 GC heap after
{Heap after GC invocations=139 (full 0):
 garbage-first heap   total 1310720K, used 704791K [0x00000006e0000000, 0x0000000800000000)
  region size 4096K, 16 young (65536K), 16 survivors (65536K)
 Metaspace       used 132220K, committed 136128K, reserved 1179648K
  class space    used 18054K, committed 19904K, reserved 1048576K
}
Event: 1135.299 GC heap before
{Heap before GC invocations=139 (full 0):
 garbage-first heap   total 1310720K, used 958743K [0x00000006e0000000, 0x0000000800000000)
  region size 4096K, 78 young (319488K), 16 survivors (65536K)
 Metaspace       used 132379K, committed 136256K, reserved 1179648K
  class space    used 18067K, committed 19904K, reserved 1048576K
}
Event: 1135.411 GC heap after
{Heap after GC invocations=140 (full 0):
 garbage-first heap   total 1310720K, used 741376K [0x00000006e0000000, 0x0000000800000000)
  region size 4096K, 10 young (40960K), 10 survivors (40960K)
 Metaspace       used 132379K, committed 136256K, reserved 1179648K
  class space    used 18067K, committed 19904K, reserved 1048576K
}
Event: 1137.973 GC heap before
{Heap before GC invocations=141 (full 0):
 garbage-first heap   total 1310720K, used 1118208K [0x00000006e0000000, 0x0000000800000000)
  region size 4096K, 103 young (421888K), 10 survivors (40960K)
 Metaspace       used 133002K, committed 137024K, reserved 1179648K
  class space    used 18131K, committed 20032K, reserved 1048576K
}
Event: 1138.089 GC heap after
{Heap after GC invocations=142 (full 0):
 garbage-first heap   total 1310720K, used 792908K [0x00000006e0000000, 0x0000000800000000)
  region size 4096K, 13 young (53248K), 13 survivors (53248K)
 Metaspace       used 133002K, committed 137024K, reserved 1179648K
  class space    used 18131K, committed 20032K, reserved 1048576K
}
Event: 1138.120 GC heap before
{Heap before GC invocations=142 (full 0):
 garbage-first heap   total 1310720K, used 805196K [0x00000006e0000000, 0x0000000800000000)
  region size 4096K, 16 young (65536K), 13 survivors (53248K)
 Metaspace       used 133009K, committed 137024K, reserved 1179648K
  class space    used 18132K, committed 20032K, reserved 1048576K
}
Event: 1138.168 GC heap after
{Heap after GC invocations=143 (full 0):
 garbage-first heap   total 1310720K, used 791483K [0x00000006e0000000, 0x0000000800000000)
  region size 4096K, 2 young (8192K), 2 survivors (8192K)
 Metaspace       used 133009K, committed 137024K, reserved 1179648K
  class space    used 18132K, committed 20032K, reserved 1048576K
}
Event: 1139.115 GC heap before
{Heap before GC invocations=143 (full 0):
 garbage-first heap   total 1310720K, used 1008571K [0x00000006e0000000, 0x0000000800000000)
  region size 4096K, 56 young (229376K), 2 survivors (8192K)
 Metaspace       used 133092K, committed 137088K, reserved 1179648K
  class space    used 18141K, committed 20032K, reserved 1048576K
}
Event: 1139.169 GC heap after
{Heap after GC invocations=144 (full 0):
 garbage-first heap   total 1310720K, used 808067K [0x00000006e0000000, 0x0000000800000000)
  region size 4096K, 7 young (28672K), 7 survivors (28672K)
 Metaspace       used 133092K, committed 137088K, reserved 1179648K
  class space    used 18141K, committed 20032K, reserved 1048576K
}
Event: 1139.839 GC heap before
{Heap before GC invocations=144 (full 0):
 garbage-first heap   total 1310720K, used 926851K [0x00000006e0000000, 0x0000000800000000)
  region size 4096K, 36 young (147456K), 7 survivors (28672K)
 Metaspace       used 133105K, committed 137088K, reserved 1179648K
  class space    used 18141K, committed 20032K, reserved 1048576K
}
Event: 1139.893 GC heap after
{Heap after GC invocations=145 (full 0):
 garbage-first heap   total 1310720K, used 815255K [0x00000006e0000000, 0x0000000800000000)
  region size 4096K, 4 young (16384K), 4 survivors (16384K)
 Metaspace       used 133105K, committed 137088K, reserved 1179648K
  class space    used 18141K, committed 20032K, reserved 1048576K
}
Event: 1140.842 GC heap before
{Heap before GC invocations=145 (full 0):
 garbage-first heap   total 1310720K, used 1056919K [0x00000006e0000000, 0x0000000800000000)
  region size 4096K, 63 young (258048K), 4 survivors (16384K)
 Metaspace       used 133184K, committed 137216K, reserved 1179648K
  class space    used 18141K, committed 20032K, reserved 1048576K
}

