# JRE version: OpenJDK Runtime Environment Zulu17.56+15-CA (17.0.14+7) (build 17.0.14+7-LTS)
# Java VM: OpenJDK 64-Bit Server VM Zulu17.56+15-CA (17.0.14+7-LTS, mixed mode, sharing, tiered, compressed oops, compressed class ptrs, g1 gc, windows-amd64)
GC Precious Log:
 CPUs: 8 total, 8 available
 Memory: 8025M
 Large Page Support: Disabled
 NUMA Support: Disabled
 Compressed Oops: Enabled (Zero based)
 Heap Region Size: 4M
 Heap Min Capacity: 8M
 Heap Initial Capacity: 128M
 Heap Max Capacity: 4608M
 Pre-touch: Disabled
 Parallel Workers: 8
 Concurrent Workers: 2
 Concurrent Refinement Workers: 8
 Periodic GC: Disabled
Heap:
 garbage-first heap   total 643072K, used 365261K [0x00000006e0000000, 0x0000000800000000)
  region size 4096K, 6 young (24576K), 6 survivors (24576K)
 Metaspace       used 108236K, committed 110144K, reserved 1179648K
  class space    used 15124K, committed 15936K, reserved 1048576K
GC Heap History (20 events):
Event: 65.322 GC heap after
{Heap after GC invocations=71 (full 0):
 garbage-first heap   total 643072K, used 265604K [0x00000006e0000000, 0x0000000800000000)
  region size 4096K, 3 young (12288K), 3 survivors (12288K)
 Metaspace       used 105548K, committed 107136K, reserved 1179648K
  class space    used 14749K, committed 15488K, reserved 1048576K
}
Event: 67.736 GC heap before
{Heap before GC invocations=72 (full 0):
 garbage-first heap   total 643072K, used 519556K [0x00000006e0000000, 0x0000000800000000)
  region size 4096K, 65 young (266240K), 3 survivors (12288K)
 Metaspace       used 106081K, committed 107776K, reserved 1179648K
  class space    used 14823K, committed 15552K, reserved 1048576K
}
Event: 67.758 GC heap after
{Heap after GC invocations=73 (full 0):
 garbage-first heap   total 643072K, used 291398K [0x00000006e0000000, 0x0000000800000000)
  region size 4096K, 8 young (32768K), 8 survivors (32768K)
 Metaspace       used 106081K, committed 107776K, reserved 1179648K
  class space    used 14823K, committed 15552K, reserved 1048576K
}
Event: 67.775 GC heap before
{Heap before GC invocations=73 (full 0):
 garbage-first heap   total 643072K, used 295494K [0x00000006e0000000, 0x0000000800000000)
  region size 4096K, 9 young (36864K), 8 survivors (32768K)
 Metaspace       used 106081K, committed 107776K, reserved 1179648K
  class space    used 14823K, committed 15552K, reserved 1048576K
}
Event: 67.797 GC heap after
{Heap after GC invocations=74 (full 0):
 garbage-first heap   total 643072K, used 290768K [0x00000006e0000000, 0x0000000800000000)
  region size 4096K, 2 young (8192K), 2 survivors (8192K)
 Metaspace       used 106081K, committed 107776K, reserved 1179648K
  class space    used 14823K, committed 15552K, reserved 1048576K
}
Event: 68.959 GC heap before
{Heap before GC invocations=74 (full 0):
 garbage-first heap   total 643072K, used 511952K [0x00000006e0000000, 0x0000000800000000)
  region size 4096K, 57 young (233472K), 2 survivors (8192K)
 Metaspace       used 106236K, committed 107968K, reserved 1179648K
  class space    used 14848K, committed 15616K, reserved 1048576K
}
Event: 68.970 GC heap after
{Heap after GC invocations=75 (full 0):
 garbage-first heap   total 643072K, used 295371K [0x00000006e0000000, 0x0000000800000000)
  region size 4096K, 3 young (12288K), 3 survivors (12288K)
 Metaspace       used 106236K, committed 107968K, reserved 1179648K
  class space    used 14848K, committed 15616K, reserved 1048576K
}
Event: 70.066 GC heap before
{Heap before GC invocations=75 (full 0):
 garbage-first heap   total 643072K, used 516555K [0x00000006e0000000, 0x0000000800000000)
  region size 4096K, 58 young (237568K), 3 survivors (12288K)
 Metaspace       used 106464K, committed 108224K, reserved 1179648K
  class space    used 14884K, committed 15680K, reserved 1048576K
}
Event: 70.083 GC heap after
{Heap after GC invocations=76 (full 0):
 garbage-first heap   total 643072K, used 301725K [0x00000006e0000000, 0x0000000800000000)
  region size 4096K, 4 young (16384K), 4 survivors (16384K)
 Metaspace       used 106464K, committed 108224K, reserved 1179648K
  class space    used 14884K, committed 15680K, reserved 1048576K
}
Event: 71.221 GC heap before
{Heap before GC invocations=76 (full 0):
 garbage-first heap   total 643072K, used 522909K [0x00000006e0000000, 0x0000000800000000)
  region size 4096K, 59 young (241664K), 4 survivors (16384K)
 Metaspace       used 106888K, committed 108736K, reserved 1179648K
  class space    used 14946K, committed 15744K, reserved 1048576K
}
Event: 71.260 GC heap after
{Heap after GC invocations=77 (full 0):
 garbage-first heap   total 643072K, used 316989K [0x00000006e0000000, 0x0000000800000000)
  region size 4096K, 8 young (32768K), 8 survivors (32768K)
 Metaspace       used 106888K, committed 108736K, reserved 1179648K
  class space    used 14946K, committed 15744K, reserved 1048576K
}
Event: 72.730 GC heap before
{Heap before GC invocations=77 (full 0):
 garbage-first heap   total 643072K, used 525885K [0x00000006e0000000, 0x0000000800000000)
  region size 4096K, 60 young (245760K), 8 survivors (32768K)
 Metaspace       used 107303K, committed 109120K, reserved 1179648K
  class space    used 15002K, committed 15808K, reserved 1048576K
}
Event: 72.811 GC heap after
{Heap after GC invocations=78 (full 0):
 garbage-first heap   total 643072K, used 330336K [0x00000006e0000000, 0x0000000800000000)
  region size 4096K, 5 young (20480K), 5 survivors (20480K)
 Metaspace       used 107303K, committed 109120K, reserved 1179648K
  class space    used 15002K, committed 15808K, reserved 1048576K
}
Event: 75.709 GC heap before
{Heap before GC invocations=78 (full 0):
 garbage-first heap   total 643072K, used 526944K [0x00000006e0000000, 0x0000000800000000)
  region size 4096K, 54 young (221184K), 5 survivors (20480K)
 Metaspace       used 107546K, committed 109440K, reserved 1179648K
  class space    used 15034K, committed 15872K, reserved 1048576K
}
Event: 75.730 GC heap after
{Heap after GC invocations=79 (full 0):
 garbage-first heap   total 643072K, used 338469K [0x00000006e0000000, 0x0000000800000000)
  region size 4096K, 3 young (12288K), 3 survivors (12288K)
 Metaspace       used 107546K, committed 109440K, reserved 1179648K
  class space    used 15034K, committed 15872K, reserved 1048576K
}
Event: 76.650 GC heap before
{Heap before GC invocations=79 (full 0):
 garbage-first heap   total 643072K, used 530981K [0x00000006e0000000, 0x0000000800000000)
  region size 4096K, 51 young (208896K), 3 survivors (12288K)
 Metaspace       used 107770K, committed 109632K, reserved 1179648K
  class space    used 15066K, committed 15872K, reserved 1048576K
}
Event: 76.668 GC heap after
{Heap after GC invocations=80 (full 0):
 garbage-first heap   total 643072K, used 346094K [0x00000006e0000000, 0x0000000800000000)
  region size 4096K, 5 young (20480K), 5 survivors (20480K)
 Metaspace       used 107770K, committed 109632K, reserved 1179648K
  class space    used 15066K, committed 15872K, reserved 1048576K
}
Event: 77.422 GC heap before
{Heap before GC invocations=80 (full 0):
 garbage-first heap   total 643072K, used 530414K [0x00000006e0000000, 0x0000000800000000)
  region size 4096K, 51 young (208896K), 5 survivors (20480K)
 Metaspace       used 108038K, committed 109952K, reserved 1179648K
  class space    used 15100K, committed 15936K, reserved 1048576K
}
Event: 77.452 GC heap after
{Heap after GC invocations=81 (full 0):
 garbage-first heap   total 643072K, used 358138K [0x00000006e0000000, 0x0000000800000000)
  region size 4096K, 6 young (24576K), 6 survivors (24576K)
 Metaspace       used 108038K, committed 109952K, reserved 1179648K
  class space    used 15100K, committed 15936K, reserved 1048576K
}
Event: 78.024 GC heap before
{Heap before GC invocations=81 (full 0):
 garbage-first heap   total 643072K, used 530170K [0x00000006e0000000, 0x0000000800000000)
  region size 4096K, 49 young (200704K), 6 survivors (24576K)
 Metaspace       used 108236K, committed 110144K, reserved 1179648K
  class space    used 15124K, committed 15936K, reserved 1048576K
}

