# JRE version: OpenJDK Runtime Environment Temurin-21.0.6+7 (21.0.6+7) (build 21.0.6+7-LTS)
# Java VM: OpenJDK 64-Bit Server VM Temurin-21.0.6+7 (21.0.6+7-LTS, mixed mode, sharing, tiered, compressed oops, compressed class ptrs, g1 gc, windows-amd64)
GC Precious Log:
 CardTable entry size: 512
 Card Set container configuration: InlinePtr #cards 4 size 8 Array Of Cards #cards 32 size 80 Howl #buckets 8 coarsen threshold 7372 Howl Bitmap #cards 1024 size 144 coarsen threshold 921 Card regions per heap region 1 cards per card region 8192
 CPUs: 8 total, 8 available
 Memory: 8025M
 Large Page Support: Disabled
 NUMA Support: Disabled
 Compressed Oops: Enabled (Zero based)
 Heap Region Size: 4M
 Heap Min Capacity: 8M
 Heap Initial Capacity: 128M
 Heap Max Capacity: 4608M
 Pre-touch: Disabled
 Parallel Workers: 8
 Concurrent Workers: 2
 Concurrent Refinement Workers: 8
 Periodic GC: Disabled
Heap:
 garbage-first heap   total 282624K, used 205632K [0x00000006e0000000, 0x0000000800000000)
  region size 4096K, 13 young (53248K), 2 survivors (8192K)
 Metaspace       used 105198K, committed 107840K, reserved 1179648K
  class space    used 14775K, committed 16064K, reserved 1048576K
GC Heap History (20 events):
Event: 85.448 GC heap before
{Heap before GC invocations=41 (full 0):
 garbage-first heap   total 204800K, used 148681K [0x00000006e0000000, 0x0000000800000000)
  region size 4096K, 9 young (36864K), 2 survivors (8192K)
 Metaspace       used 88042K, committed 90368K, reserved 1179648K
  class space    used 12306K, committed 13440K, reserved 1048576K
}
Event: 85.454 GC heap after
{Heap after GC invocations=42 (full 0):
 garbage-first heap   total 204800K, used 121372K [0x00000006e0000000, 0x0000000800000000)
  region size 4096K, 1 young (4096K), 1 survivors (4096K)
 Metaspace       used 88042K, committed 90368K, reserved 1179648K
  class space    used 12306K, committed 13440K, reserved 1048576K
}
Event: 86.638 GC heap before
{Heap before GC invocations=42 (full 0):
 garbage-first heap   total 204800K, used 178716K [0x00000006e0000000, 0x0000000800000000)
  region size 4096K, 14 young (57344K), 1 survivors (4096K)
 Metaspace       used 92009K, committed 94400K, reserved 1179648K
  class space    used 12832K, committed 14016K, reserved 1048576K
}
Event: 86.645 GC heap after
{Heap after GC invocations=43 (full 0):
 garbage-first heap   total 204800K, used 125064K [0x00000006e0000000, 0x0000000800000000)
  region size 4096K, 1 young (4096K), 1 survivors (4096K)
 Metaspace       used 92009K, committed 94400K, reserved 1179648K
  class space    used 12832K, committed 14016K, reserved 1048576K
}
Event: 87.238 GC heap before
{Heap before GC invocations=43 (full 0):
 garbage-first heap   total 204800K, used 182408K [0x00000006e0000000, 0x0000000800000000)
  region size 4096K, 15 young (61440K), 1 survivors (4096K)
 Metaspace       used 93446K, committed 95872K, reserved 1179648K
  class space    used 13047K, committed 14272K, reserved 1048576K
}
Event: 87.244 GC heap after
{Heap after GC invocations=44 (full 0):
 garbage-first heap   total 204800K, used 130493K [0x00000006e0000000, 0x0000000800000000)
  region size 4096K, 2 young (8192K), 2 survivors (8192K)
 Metaspace       used 93446K, committed 95872K, reserved 1179648K
  class space    used 13047K, committed 14272K, reserved 1048576K
}
Event: 87.604 GC heap before
{Heap before GC invocations=45 (full 0):
 garbage-first heap   total 221184K, used 179645K [0x00000006e0000000, 0x0000000800000000)
  region size 4096K, 14 young (57344K), 2 survivors (8192K)
 Metaspace       used 93609K, committed 96128K, reserved 1179648K
  class space    used 13063K, committed 14272K, reserved 1048576K
}
Event: 87.612 GC heap after
{Heap after GC invocations=46 (full 0):
 garbage-first heap   total 221184K, used 134901K [0x00000006e0000000, 0x0000000800000000)
  region size 4096K, 1 young (4096K), 1 survivors (4096K)
 Metaspace       used 93609K, committed 96128K, reserved 1179648K
  class space    used 13063K, committed 14272K, reserved 1048576K
}
Event: 90.252 GC heap before
{Heap before GC invocations=46 (full 0):
 garbage-first heap   total 221184K, used 200437K [0x00000006e0000000, 0x0000000800000000)
  region size 4096K, 17 young (69632K), 1 survivors (4096K)
 Metaspace       used 93847K, committed 96384K, reserved 1179648K
  class space    used 13069K, committed 14336K, reserved 1048576K
}
Event: 90.264 GC heap after
{Heap after GC invocations=47 (full 0):
 garbage-first heap   total 221184K, used 140444K [0x00000006e0000000, 0x0000000800000000)
  region size 4096K, 3 young (12288K), 3 survivors (12288K)
 Metaspace       used 93847K, committed 96384K, reserved 1179648K
  class space    used 13069K, committed 14336K, reserved 1048576K
}
Event: 91.212 GC heap before
{Heap before GC invocations=47 (full 0):
 garbage-first heap   total 221184K, used 189596K [0x00000006e0000000, 0x0000000800000000)
  region size 4096K, 15 young (61440K), 3 survivors (12288K)
 Metaspace       used 93848K, committed 96384K, reserved 1179648K
  class space    used 13070K, committed 14336K, reserved 1048576K
}
Event: 91.223 GC heap after
{Heap after GC invocations=48 (full 0):
 garbage-first heap   total 221184K, used 142673K [0x00000006e0000000, 0x0000000800000000)
  region size 4096K, 2 young (8192K), 2 survivors (8192K)
 Metaspace       used 93848K, committed 96384K, reserved 1179648K
  class space    used 13070K, committed 14336K, reserved 1048576K
}
Event: 92.551 GC heap before
{Heap before GC invocations=49 (full 0):
 garbage-first heap   total 245760K, used 195921K [0x00000006e0000000, 0x0000000800000000)
  region size 4096K, 15 young (61440K), 2 survivors (8192K)
 Metaspace       used 93849K, committed 96384K, reserved 1179648K
  class space    used 13070K, committed 14336K, reserved 1048576K
}
Event: 92.557 GC heap after
{Heap after GC invocations=50 (full 0):
 garbage-first heap   total 245760K, used 145020K [0x00000006e0000000, 0x0000000800000000)
  region size 4096K, 2 young (8192K), 2 survivors (8192K)
 Metaspace       used 93849K, committed 96384K, reserved 1179648K
  class space    used 13070K, committed 14336K, reserved 1048576K
}
Event: 103.181 GC heap before
{Heap before GC invocations=50 (full 0):
 garbage-first heap   total 245760K, used 218748K [0x00000006e0000000, 0x0000000800000000)
  region size 4096K, 20 young (81920K), 2 survivors (8192K)
 Metaspace       used 95396K, committed 97856K, reserved 1179648K
  class space    used 13284K, committed 14528K, reserved 1048576K
}
Event: 103.195 GC heap after
{Heap after GC invocations=51 (full 0):
 garbage-first heap   total 249856K, used 159521K [0x00000006e0000000, 0x0000000800000000)
  region size 4096K, 3 young (12288K), 3 survivors (12288K)
 Metaspace       used 95396K, committed 97856K, reserved 1179648K
  class space    used 13284K, committed 14528K, reserved 1048576K
}
Event: 104.311 GC heap before
{Heap before GC invocations=51 (full 0):
 garbage-first heap   total 249856K, used 220961K [0x00000006e0000000, 0x0000000800000000)
  region size 4096K, 18 young (73728K), 3 survivors (12288K)
 Metaspace       used 99612K, committed 102208K, reserved 1179648K
  class space    used 13945K, committed 15232K, reserved 1048576K
}
Event: 104.318 GC heap after
{Heap after GC invocations=52 (full 0):
 garbage-first heap   total 249856K, used 162482K [0x00000006e0000000, 0x0000000800000000)
  region size 4096K, 1 young (4096K), 1 survivors (4096K)
 Metaspace       used 99612K, committed 102208K, reserved 1179648K
  class space    used 13945K, committed 15232K, reserved 1048576K
}
Event: 105.701 GC heap before
{Heap before GC invocations=53 (full 0):
 garbage-first heap   total 282624K, used 219826K [0x00000006e0000000, 0x0000000800000000)
  region size 4096K, 15 young (61440K), 1 survivors (4096K)
 Metaspace       used 103099K, committed 105664K, reserved 1179648K
  class space    used 14479K, committed 15744K, reserved 1048576K
}
Event: 105.707 GC heap after
{Heap after GC invocations=54 (full 0):
 garbage-first heap   total 282624K, used 164672K [0x00000006e0000000, 0x0000000800000000)
  region size 4096K, 2 young (8192K), 2 survivors (8192K)
 Metaspace       used 103099K, committed 105664K, reserved 1179648K
  class space    used 14479K, committed 15744K, reserved 1048576K
}

