# JRE version: OpenJDK Runtime Environment Zulu17.56+15-CA (17.0.14+7) (build 17.0.14+7-LTS)
# Java VM: OpenJDK 64-Bit Server VM Zulu17.56+15-CA (17.0.14+7-LTS, mixed mode, sharing, tiered, compressed oops, compressed class ptrs, g1 gc, windows-amd64)
GC Precious Log:
 CPUs: 8 total, 8 available
 Memory: 8025M
 Large Page Support: Disabled
 NUMA Support: Disabled
 Compressed Oops: Enabled (Zero based)
 Heap Region Size: 4M
 Heap Min Capacity: 8M
 Heap Initial Capacity: 128M
 Heap Max Capacity: 4608M
 Pre-touch: Disabled
 Parallel Workers: 8
 Concurrent Workers: 2
 Concurrent Refinement Workers: 8
 Periodic GC: Disabled
Heap:
 garbage-first heap   total 856064K, used 503710K [0x00000006e0000000, 0x0000000800000000)
  region size 4096K, 31 young (126976K), 9 survivors (36864K)
 Metaspace       used 124135K, committed 126464K, reserved 1179648K
  class space    used 17304K, committed 18304K, reserved 1048576K
GC Heap History (20 events):
Event: 177.058 GC heap before
{Heap before GC invocations=70 (full 0):
 garbage-first heap   total 712704K, used 324275K [0x00000006e0000000, 0x0000000800000000)
  region size 4096K, 8 young (32768K), 7 survivors (28672K)
 Metaspace       used 111835K, committed 113792K, reserved 1179648K
  class space    used 15630K, committed 16512K, reserved 1048576K
}
Event: 177.143 GC heap after
{Heap after GC invocations=71 (full 0):
 garbage-first heap   total 712704K, used 318375K [0x00000006e0000000, 0x0000000800000000)
  region size 4096K, 1 young (4096K), 1 survivors (4096K)
 Metaspace       used 111835K, committed 113792K, reserved 1179648K
  class space    used 15630K, committed 16512K, reserved 1048576K
}
Event: 181.413 GC heap before
{Heap before GC invocations=71 (full 0):
 garbage-first heap   total 712704K, used 580519K [0x00000006e0000000, 0x0000000800000000)
  region size 4096K, 66 young (270336K), 1 survivors (4096K)
 Metaspace       used 112346K, committed 114304K, reserved 1179648K
  class space    used 15696K, committed 16576K, reserved 1048576K
}
Event: 181.434 GC heap after
{Heap after GC invocations=72 (full 0):
 garbage-first heap   total 856064K, used 331483K [0x00000006e0000000, 0x0000000800000000)
  region size 4096K, 5 young (20480K), 5 survivors (20480K)
 Metaspace       used 112346K, committed 114304K, reserved 1179648K
  class space    used 15696K, committed 16576K, reserved 1048576K
}
Event: 189.952 GC heap before
{Heap before GC invocations=72 (full 0):
 garbage-first heap   total 856064K, used 691931K [0x00000006e0000000, 0x0000000800000000)
  region size 4096K, 94 young (385024K), 5 survivors (20480K)
 Metaspace       used 112766K, committed 114752K, reserved 1179648K
  class space    used 15749K, committed 16640K, reserved 1048576K
}
Event: 189.988 GC heap after
{Heap after GC invocations=73 (full 0):
 garbage-first heap   total 856064K, used 347993K [0x00000006e0000000, 0x0000000800000000)
  region size 4096K, 9 young (36864K), 9 survivors (36864K)
 Metaspace       used 112766K, committed 114752K, reserved 1179648K
  class space    used 15749K, committed 16640K, reserved 1048576K
}
Event: 196.775 GC heap before
{Heap before GC invocations=73 (full 0):
 garbage-first heap   total 856064K, used 696153K [0x00000006e0000000, 0x0000000800000000)
  region size 4096K, 95 young (389120K), 9 survivors (36864K)
 Metaspace       used 113172K, committed 115200K, reserved 1179648K
  class space    used 15801K, committed 16704K, reserved 1048576K
}
Event: 197.044 GC heap after
{Heap after GC invocations=74 (full 0):
 garbage-first heap   total 856064K, used 361109K [0x00000006e0000000, 0x0000000800000000)
  region size 4096K, 8 young (32768K), 8 survivors (32768K)
 Metaspace       used 113172K, committed 115200K, reserved 1179648K
  class space    used 15801K, committed 16704K, reserved 1048576K
}
Event: 203.402 GC heap before
{Heap before GC invocations=75 (full 0):
 garbage-first heap   total 856064K, used 696981K [0x00000006e0000000, 0x0000000800000000)
  region size 4096K, 91 young (372736K), 8 survivors (32768K)
 Metaspace       used 113511K, committed 115584K, reserved 1179648K
  class space    used 15844K, committed 16768K, reserved 1048576K
}
Event: 203.655 GC heap after
{Heap after GC invocations=76 (full 0):
 garbage-first heap   total 856064K, used 372770K [0x00000006e0000000, 0x0000000800000000)
  region size 4096K, 8 young (32768K), 8 survivors (32768K)
 Metaspace       used 113511K, committed 115584K, reserved 1179648K
  class space    used 15844K, committed 16768K, reserved 1048576K
}
Event: 203.685 GC heap before
{Heap before GC invocations=76 (full 0):
 garbage-first heap   total 856064K, used 380962K [0x00000006e0000000, 0x0000000800000000)
  region size 4096K, 10 young (40960K), 8 survivors (32768K)
 Metaspace       used 113511K, committed 115584K, reserved 1179648K
  class space    used 15844K, committed 16768K, reserved 1048576K
}
Event: 204.133 GC heap after
{Heap after GC invocations=77 (full 0):
 garbage-first heap   total 856064K, used 371402K [0x00000006e0000000, 0x0000000800000000)
  region size 4096K, 2 young (8192K), 2 survivors (8192K)
 Metaspace       used 113511K, committed 115584K, reserved 1179648K
  class space    used 15844K, committed 16768K, reserved 1048576K
}
Event: 209.925 GC heap before
{Heap before GC invocations=77 (full 0):
 garbage-first heap   total 856064K, used 600778K [0x00000006e0000000, 0x0000000800000000)
  region size 4096K, 59 young (241664K), 2 survivors (8192K)
 Metaspace       used 113731K, committed 115840K, reserved 1179648K
  class space    used 15880K, committed 16832K, reserved 1048576K
}
Event: 209.939 GC heap after
{Heap after GC invocations=78 (full 0):
 garbage-first heap   total 856064K, used 378535K [0x00000006e0000000, 0x0000000800000000)
  region size 4096K, 4 young (16384K), 4 survivors (16384K)
 Metaspace       used 113731K, committed 115840K, reserved 1179648K
  class space    used 15880K, committed 16832K, reserved 1048576K
}
Event: 218.448 GC heap before
{Heap before GC invocations=78 (full 0):
 garbage-first heap   total 856064K, used 616103K [0x00000006e0000000, 0x0000000800000000)
  region size 4096K, 63 young (258048K), 4 survivors (16384K)
 Metaspace       used 113996K, committed 116224K, reserved 1179648K
  class space    used 15919K, committed 16896K, reserved 1048576K
}
Event: 218.471 GC heap after
{Heap after GC invocations=79 (full 0):
 garbage-first heap   total 856064K, used 387953K [0x00000006e0000000, 0x0000000800000000)
  region size 4096K, 6 young (24576K), 6 survivors (24576K)
 Metaspace       used 113996K, committed 116224K, reserved 1179648K
  class space    used 15919K, committed 16896K, reserved 1048576K
}
Event: 228.241 GC heap before
{Heap before GC invocations=79 (full 0):
 garbage-first heap   total 856064K, used 584561K [0x00000006e0000000, 0x0000000800000000)
  region size 4096K, 55 young (225280K), 6 survivors (24576K)
 Metaspace       used 114373K, committed 116672K, reserved 1179648K
  class space    used 15976K, committed 16960K, reserved 1048576K
}
Event: 228.306 GC heap after
{Heap after GC invocations=80 (full 0):
 garbage-first heap   total 856064K, used 398213K [0x00000006e0000000, 0x0000000800000000)
  region size 4096K, 4 young (16384K), 4 survivors (16384K)
 Metaspace       used 114373K, committed 116672K, reserved 1179648K
  class space    used 15976K, committed 16960K, reserved 1048576K
}
Event: 238.533 GC heap before
{Heap before GC invocations=80 (full 0):
 garbage-first heap   total 856064K, used 713605K [0x00000006e0000000, 0x0000000800000000)
  region size 4096K, 82 young (335872K), 4 survivors (16384K)
 Metaspace       used 120915K, committed 123200K, reserved 1179648K
  class space    used 16893K, committed 17920K, reserved 1048576K
}
Event: 238.573 GC heap after
{Heap after GC invocations=81 (full 0):
 garbage-first heap   total 856064K, used 417694K [0x00000006e0000000, 0x0000000800000000)
  region size 4096K, 9 young (36864K), 9 survivors (36864K)
 Metaspace       used 120915K, committed 123200K, reserved 1179648K
  class space    used 16893K, committed 17920K, reserved 1048576K
}

