# JRE version: OpenJDK Runtime Environment (21.0.5) (build 21.0.5+-12932927-b750.29)
# Java VM: OpenJDK 64-Bit Server VM (21.0.5+-12932927-b750.29, mixed mode, tiered, compressed oops, compressed class ptrs, g1 gc, windows-amd64)
GC Precious Log:
 CardTable entry size: 512
 Card Set container configuration: InlinePtr #cards 4 size 8 Array Of Cards #cards 16 size 48 Howl #buckets 8 coarsen threshold 3686 Howl Bitmap #cards 512 size 80 coarsen threshold 460 Card regions per heap region 1 cards per card region 4096
 CPUs: 8 total, 8 available
 Memory: 8025M
 Large Page Support: Disabled
 NUMA Support: Disabled
 Compressed Oops: Enabled (Zero based)
 Heap Region Size: 2M
 Heap Min Capacity: 8M
 Heap Initial Capacity: 126M
 Heap Max Capacity: 4G
 Pre-touch: Disabled
 Parallel Workers: 8
 Concurrent Workers: 2
 Concurrent Refinement Workers: 8
 Periodic GC: Disabled
Heap:
 garbage-first heap   total 577536K, used 385226K [0x0000000700000000, 0x0000000800000000)
  region size 2048K, 19 young (38912K), 6 survivors (12288K)
 Metaspace       used 131386K, committed 134528K, reserved 1179648K
  class space    used 17865K, committed 19264K, reserved 1048576K
GC Heap History (20 events):
Event: 1088.954 GC heap before
{Heap before GC invocations=84 (full 0):
 garbage-first heap   total 468992K, used 425622K [0x0000000700000000, 0x0000000800000000)
  region size 2048K, 69 young (141312K), 7 survivors (14336K)
 Metaspace       used 129292K, committed 132224K, reserved 1179648K
  class space    used 17583K, committed 18944K, reserved 1048576K
}
Event: 1088.986 GC heap after
{Heap after GC invocations=85 (full 0):
 garbage-first heap   total 468992K, used 307770K [0x0000000700000000, 0x0000000800000000)
  region size 2048K, 6 young (12288K), 6 survivors (12288K)
 Metaspace       used 129292K, committed 132224K, reserved 1179648K
  class space    used 17583K, committed 18944K, reserved 1048576K
}
Event: 1098.693 GC heap before
{Heap before GC invocations=86 (full 0):
 garbage-first heap   total 516096K, used 424506K [0x0000000700000000, 0x0000000800000000)
  region size 2048K, 64 young (131072K), 6 survivors (12288K)
 Metaspace       used 129443K, committed 132416K, reserved 1179648K
  class space    used 17601K, committed 18944K, reserved 1048576K
}
Event: 1098.724 GC heap after
{Heap after GC invocations=87 (full 0):
 garbage-first heap   total 516096K, used 312177K [0x0000000700000000, 0x0000000800000000)
  region size 2048K, 5 young (10240K), 5 survivors (10240K)
 Metaspace       used 129443K, committed 132416K, reserved 1179648K
  class space    used 17601K, committed 18944K, reserved 1048576K
}
Event: 1104.541 GC heap before
{Heap before GC invocations=87 (full 0):
 garbage-first heap   total 516096K, used 463729K [0x0000000700000000, 0x0000000800000000)
  region size 2048K, 80 young (163840K), 5 survivors (10240K)
 Metaspace       used 129812K, committed 132800K, reserved 1179648K
  class space    used 17657K, committed 19008K, reserved 1048576K
}
Event: 1104.575 GC heap after
{Heap after GC invocations=88 (full 0):
 garbage-first heap   total 516096K, used 315014K [0x0000000700000000, 0x0000000800000000)
  region size 2048K, 9 young (18432K), 9 survivors (18432K)
 Metaspace       used 129812K, committed 132800K, reserved 1179648K
  class space    used 17657K, committed 19008K, reserved 1048576K
}
Event: 1111.842 GC heap before
{Heap before GC invocations=88 (full 0):
 garbage-first heap   total 516096K, used 464518K [0x0000000700000000, 0x0000000800000000)
  region size 2048K, 83 young (169984K), 9 survivors (18432K)
 Metaspace       used 129944K, committed 132928K, reserved 1179648K
  class space    used 17674K, committed 19008K, reserved 1048576K
}
Event: 1111.885 GC heap after
{Heap after GC invocations=89 (full 0):
 garbage-first heap   total 516096K, used 320846K [0x0000000700000000, 0x0000000800000000)
  region size 2048K, 5 young (10240K), 5 survivors (10240K)
 Metaspace       used 129944K, committed 132928K, reserved 1179648K
  class space    used 17674K, committed 19008K, reserved 1048576K
}
Event: 1117.137 GC heap before
{Heap before GC invocations=90 (full 0):
 garbage-first heap   total 540672K, used 468302K [0x0000000700000000, 0x0000000800000000)
  region size 2048K, 78 young (159744K), 5 survivors (10240K)
 Metaspace       used 130181K, committed 133184K, reserved 1179648K
  class space    used 17705K, committed 19072K, reserved 1048576K
}
Event: 1117.163 GC heap after
{Heap after GC invocations=91 (full 0):
 garbage-first heap   total 540672K, used 327587K [0x0000000700000000, 0x0000000800000000)
  region size 2048K, 8 young (16384K), 8 survivors (16384K)
 Metaspace       used 130181K, committed 133184K, reserved 1179648K
  class space    used 17705K, committed 19072K, reserved 1048576K
}
Event: 1121.379 GC heap before
{Heap before GC invocations=91 (full 0):
 garbage-first heap   total 540672K, used 491427K [0x0000000700000000, 0x0000000800000000)
  region size 2048K, 89 young (182272K), 8 survivors (16384K)
 Metaspace       used 130591K, committed 133632K, reserved 1179648K
  class space    used 17761K, committed 19136K, reserved 1048576K
}
Event: 1121.470 GC heap after
{Heap after GC invocations=92 (full 0):
 garbage-first heap   total 540672K, used 337602K [0x0000000700000000, 0x0000000800000000)
  region size 2048K, 12 young (24576K), 12 survivors (24576K)
 Metaspace       used 130591K, committed 133632K, reserved 1179648K
  class space    used 17761K, committed 19136K, reserved 1048576K
}
Event: 1123.290 GC heap before
{Heap before GC invocations=92 (full 0):
 garbage-first heap   total 540672K, used 485058K [0x0000000700000000, 0x0000000800000000)
  region size 2048K, 85 young (174080K), 12 survivors (24576K)
 Metaspace       used 130682K, committed 133760K, reserved 1179648K
  class space    used 17775K, committed 19136K, reserved 1048576K
}
Event: 1123.351 GC heap after
{Heap after GC invocations=93 (full 0):
 garbage-first heap   total 540672K, used 344418K [0x0000000700000000, 0x0000000800000000)
  region size 2048K, 5 young (10240K), 5 survivors (10240K)
 Metaspace       used 130682K, committed 133760K, reserved 1179648K
  class space    used 17775K, committed 19136K, reserved 1048576K
}
Event: 1125.822 GC heap before
{Heap before GC invocations=94 (full 0):
 garbage-first heap   total 577536K, used 495970K [0x0000000700000000, 0x0000000800000000)
  region size 2048K, 80 young (163840K), 5 survivors (10240K)
 Metaspace       used 130791K, committed 133888K, reserved 1179648K
  class space    used 17790K, committed 19200K, reserved 1048576K
}
Event: 1125.850 GC heap after
{Heap after GC invocations=95 (full 0):
 garbage-first heap   total 577536K, used 349173K [0x0000000700000000, 0x0000000800000000)
  region size 2048K, 8 young (16384K), 8 survivors (16384K)
 Metaspace       used 130791K, committed 133888K, reserved 1179648K
  class space    used 17790K, committed 19200K, reserved 1048576K
}
Event: 1128.987 GC heap before
{Heap before GC invocations=95 (full 0):
 garbage-first heap   total 577536K, used 525301K [0x0000000700000000, 0x0000000800000000)
  region size 2048K, 95 young (194560K), 8 survivors (16384K)
 Metaspace       used 131081K, committed 134272K, reserved 1179648K
  class space    used 17827K, committed 19264K, reserved 1048576K
}
Event: 1129.057 GC heap after
{Heap after GC invocations=96 (full 0):
 garbage-first heap   total 577536K, used 357507K [0x0000000700000000, 0x0000000800000000)
  region size 2048K, 11 young (22528K), 11 survivors (22528K)
 Metaspace       used 131081K, committed 134272K, reserved 1179648K
  class space    used 17827K, committed 19264K, reserved 1048576K
}
Event: 1132.030 GC heap before
{Heap before GC invocations=96 (full 0):
 garbage-first heap   total 577536K, used 519299K [0x0000000700000000, 0x0000000800000000)
  region size 2048K, 91 young (186368K), 11 survivors (22528K)
 Metaspace       used 131297K, committed 134464K, reserved 1179648K
  class space    used 17852K, committed 19264K, reserved 1048576K
}
Event: 1132.070 GC heap after
{Heap after GC invocations=97 (full 0):
 garbage-first heap   total 577536K, used 362698K [0x0000000700000000, 0x0000000800000000)
  region size 2048K, 6 young (12288K), 6 survivors (12288K)
 Metaspace       used 131297K, committed 134464K, reserved 1179648K
  class space    used 17852K, committed 19264K, reserved 1048576K
}

