# JRE version: OpenJDK Runtime Environment Temurin-21.0.6+7 (21.0.6+7) (build 21.0.6+7-LTS)
# Java VM: OpenJDK 64-Bit Server VM Temurin-21.0.6+7 (21.0.6+7-LTS, mixed mode, sharing, tiered, compressed oops, compressed class ptrs, g1 gc, windows-amd64)
GC Precious Log:
 CardTable entry size: 512
 Card Set container configuration: InlinePtr #cards 4 size 8 Array Of Cards #cards 32 size 80 Howl #buckets 8 coarsen threshold 7372 Howl Bitmap #cards 1024 size 144 coarsen threshold 921 Card regions per heap region 1 cards per card region 8192
 CPUs: 8 total, 8 available
 Memory: 8025M
 Large Page Support: Disabled
 NUMA Support: Disabled
 Compressed Oops: Enabled (Zero based)
 Heap Region Size: 4M
 Heap Min Capacity: 8M
 Heap Initial Capacity: 128M
 Heap Max Capacity: 4608M
 Pre-touch: Disabled
 Parallel Workers: 8
 Concurrent Workers: 2
 Concurrent Refinement Workers: 8
 Periodic GC: Disabled
Heap:
 garbage-first heap   total 262144K, used 175311K [0x00000006e0000000, 0x0000000800000000)
  region size 4096K, 7 young (28672K), 1 survivors (4096K)
 Metaspace       used 99387K, committed 101952K, reserved 1179648K
  class space    used 13965K, committed 15232K, reserved 1048576K
GC Heap History (20 events):
Event: 77.920 GC heap before
{Heap before GC invocations=37 (full 0):
 garbage-first heap   total 172032K, used 145281K [0x00000006e0000000, 0x0000000800000000)
  region size 4096K, 10 young (40960K), 1 survivors (4096K)
 Metaspace       used 80362K, committed 82560K, reserved 1179648K
  class space    used 11274K, committed 12352K, reserved 1048576K
}
Event: 77.926 GC heap after
{Heap after GC invocations=38 (full 0):
 garbage-first heap   total 172032K, used 112798K [0x00000006e0000000, 0x0000000800000000)
  region size 4096K, 2 young (8192K), 2 survivors (8192K)
 Metaspace       used 80362K, committed 82560K, reserved 1179648K
  class space    used 11274K, committed 12352K, reserved 1048576K
}
Event: 78.806 GC heap before
{Heap before GC invocations=39 (full 0):
 garbage-first heap   total 192512K, used 149662K [0x00000006e0000000, 0x0000000800000000)
  region size 4096K, 11 young (45056K), 2 survivors (8192K)
 Metaspace       used 82955K, committed 85184K, reserved 1179648K
  class space    used 11604K, committed 12672K, reserved 1048576K
}
Event: 78.825 GC heap after
{Heap after GC invocations=40 (full 0):
 garbage-first heap   total 192512K, used 115138K [0x00000006e0000000, 0x0000000800000000)
  region size 4096K, 1 young (4096K), 1 survivors (4096K)
 Metaspace       used 82955K, committed 85184K, reserved 1179648K
  class space    used 11604K, committed 12672K, reserved 1048576K
}
Event: 80.057 GC heap before
{Heap before GC invocations=40 (full 0):
 garbage-first heap   total 192512K, used 168386K [0x00000006e0000000, 0x0000000800000000)
  region size 4096K, 13 young (53248K), 1 survivors (4096K)
 Metaspace       used 86502K, committed 88768K, reserved 1179648K
  class space    used 12080K, committed 13184K, reserved 1048576K
}
Event: 80.068 GC heap after
{Heap after GC invocations=41 (full 0):
 garbage-first heap   total 233472K, used 119302K [0x00000006e0000000, 0x0000000800000000)
  region size 4096K, 2 young (8192K), 2 survivors (8192K)
 Metaspace       used 86502K, committed 88768K, reserved 1179648K
  class space    used 12080K, committed 13184K, reserved 1048576K
}
Event: 87.623 GC heap before
{Heap before GC invocations=41 (full 0):
 garbage-first heap   total 233472K, used 193030K [0x00000006e0000000, 0x0000000800000000)
  region size 4096K, 20 young (81920K), 2 survivors (8192K)
 Metaspace       used 87661K, committed 89984K, reserved 1179648K
  class space    used 12251K, committed 13376K, reserved 1048576K
}
Event: 87.635 GC heap after
{Heap after GC invocations=42 (full 0):
 garbage-first heap   total 233472K, used 125887K [0x00000006e0000000, 0x0000000800000000)
  region size 4096K, 3 young (12288K), 3 survivors (12288K)
 Metaspace       used 87661K, committed 89984K, reserved 1179648K
  class space    used 12251K, committed 13376K, reserved 1048576K
}
Event: 89.796 GC heap before
{Heap before GC invocations=42 (full 0):
 garbage-first heap   total 233472K, used 199615K [0x00000006e0000000, 0x0000000800000000)
  region size 4096K, 21 young (86016K), 3 survivors (12288K)
 Metaspace       used 87957K, committed 90368K, reserved 1179648K
  class space    used 12263K, committed 13440K, reserved 1048576K
}
Event: 89.813 GC heap after
{Heap after GC invocations=43 (full 0):
 garbage-first heap   total 233472K, used 134010K [0x00000006e0000000, 0x0000000800000000)
  region size 4096K, 3 young (12288K), 3 survivors (12288K)
 Metaspace       used 87957K, committed 90368K, reserved 1179648K
  class space    used 12263K, committed 13440K, reserved 1048576K
}
Event: 90.923 GC heap before
{Heap before GC invocations=43 (full 0):
 garbage-first heap   total 233472K, used 199546K [0x00000006e0000000, 0x0000000800000000)
  region size 4096K, 19 young (77824K), 3 survivors (12288K)
 Metaspace       used 87971K, committed 90368K, reserved 1179648K
  class space    used 12265K, committed 13440K, reserved 1048576K
}
Event: 90.932 GC heap after
{Heap after GC invocations=44 (full 0):
 garbage-first heap   total 233472K, used 135903K [0x00000006e0000000, 0x0000000800000000)
  region size 4096K, 1 young (4096K), 1 survivors (4096K)
 Metaspace       used 87971K, committed 90368K, reserved 1179648K
  class space    used 12265K, committed 13440K, reserved 1048576K
}
Event: 92.187 GC heap before
{Heap before GC invocations=45 (full 0):
 garbage-first heap   total 233472K, used 205535K [0x00000006e0000000, 0x0000000800000000)
  region size 4096K, 18 young (73728K), 1 survivors (4096K)
 Metaspace       used 87976K, committed 90368K, reserved 1179648K
  class space    used 12265K, committed 13440K, reserved 1048576K
}
Event: 92.194 GC heap after
{Heap after GC invocations=46 (full 0):
 garbage-first heap   total 233472K, used 137468K [0x00000006e0000000, 0x0000000800000000)
  region size 4096K, 2 young (8192K), 2 survivors (8192K)
 Metaspace       used 87976K, committed 90368K, reserved 1179648K
  class space    used 12265K, committed 13440K, reserved 1048576K
}
Event: 97.353 GC heap before
{Heap before GC invocations=46 (full 0):
 garbage-first heap   total 233472K, used 207100K [0x00000006e0000000, 0x0000000800000000)
  region size 4096K, 18 young (73728K), 2 survivors (8192K)
 Metaspace       used 90851K, committed 93248K, reserved 1179648K
  class space    used 12649K, committed 13824K, reserved 1048576K
}
Event: 97.374 GC heap after
{Heap after GC invocations=47 (full 0):
 garbage-first heap   total 233472K, used 148969K [0x00000006e0000000, 0x0000000800000000)
  region size 4096K, 3 young (12288K), 3 survivors (12288K)
 Metaspace       used 90851K, committed 93248K, reserved 1179648K
  class space    used 12649K, committed 13824K, reserved 1048576K
}
Event: 102.131 GC heap before
{Heap before GC invocations=47 (full 0):
 garbage-first heap   total 233472K, used 202217K [0x00000006e0000000, 0x0000000800000000)
  region size 4096K, 16 young (65536K), 3 survivors (12288K)
 Metaspace       used 94454K, committed 97024K, reserved 1179648K
  class space    used 13194K, committed 14464K, reserved 1048576K
}
Event: 102.140 GC heap after
{Heap after GC invocations=48 (full 0):
 garbage-first heap   total 233472K, used 152885K [0x00000006e0000000, 0x0000000800000000)
  region size 4096K, 1 young (4096K), 1 survivors (4096K)
 Metaspace       used 94454K, committed 97024K, reserved 1179648K
  class space    used 13194K, committed 14464K, reserved 1048576K
}
Event: 106.653 GC heap before
{Heap before GC invocations=49 (full 0):
 garbage-first heap   total 262144K, used 210229K [0x00000006e0000000, 0x0000000800000000)
  region size 4096K, 15 young (61440K), 1 survivors (4096K)
 Metaspace       used 98127K, committed 100608K, reserved 1179648K
  class space    used 13782K, committed 15040K, reserved 1048576K
}
Event: 106.662 GC heap after
{Heap after GC invocations=50 (full 0):
 garbage-first heap   total 262144K, used 154831K [0x00000006e0000000, 0x0000000800000000)
  region size 4096K, 1 young (4096K), 1 survivors (4096K)
 Metaspace       used 98127K, committed 100608K, reserved 1179648K
  class space    used 13782K, committed 15040K, reserved 1048576K
}

