# JRE version: OpenJDK Runtime Environment Zulu17.56+15-CA (17.0.14+7) (build 17.0.14+7-LTS)
# Java VM: OpenJDK 64-Bit Server VM Zulu17.56+15-CA (17.0.14+7-LTS, mixed mode, sharing, tiered, compressed oops, compressed class ptrs, g1 gc, windows-amd64)
GC Precious Log:
 CPUs: 8 total, 8 available
 Memory: 8025M
 Large Page Support: Disabled
 NUMA Support: Disabled
 Compressed Oops: Enabled (Zero based)
 Heap Region Size: 4M
 Heap Min Capacity: 8M
 Heap Initial Capacity: 128M
 Heap Max Capacity: 4608M
 Pre-touch: Disabled
 Parallel Workers: 8
 Concurrent Workers: 2
 Concurrent Refinement Workers: 8
 Periodic GC: Disabled
Heap:
 garbage-first heap   total 786432K, used 523266K [0x00000006e0000000, 0x0000000800000000)
  region size 4096K, 23 young (94208K), 3 survivors (12288K)
 Metaspace       used 116990K, committed 119168K, reserved 1179648K
  class space    used 16123K, committed 17088K, reserved 1048576K
GC Heap History (20 events):
Event: 103.718 GC heap before
{Heap before GC invocations=73 (full 0):
 garbage-first heap   total 655360K, used 529927K [0x00000006e0000000, 0x0000000800000000)
  region size 4096K, 56 young (229376K), 6 survivors (24576K)
 Metaspace       used 106339K, committed 108160K, reserved 1179648K
  class space    used 14829K, committed 15616K, reserved 1048576K
}
Event: 103.765 GC heap after
{Heap after GC invocations=74 (full 0):
 garbage-first heap   total 655360K, used 345522K [0x00000006e0000000, 0x0000000800000000)
  region size 4096K, 7 young (28672K), 7 survivors (28672K)
 Metaspace       used 106339K, committed 108160K, reserved 1179648K
  class space    used 14829K, committed 15616K, reserved 1048576K
}
Event: 107.188 GC heap before
{Heap before GC invocations=74 (full 0):
 garbage-first heap   total 655360K, used 529842K [0x00000006e0000000, 0x0000000800000000)
  region size 4096K, 53 young (217088K), 7 survivors (28672K)
 Metaspace       used 106562K, committed 108352K, reserved 1179648K
  class space    used 14862K, committed 15616K, reserved 1048576K
}
Event: 107.218 GC heap after
{Heap after GC invocations=75 (full 0):
 garbage-first heap   total 655360K, used 356571K [0x00000006e0000000, 0x0000000800000000)
  region size 4096K, 4 young (16384K), 4 survivors (16384K)
 Metaspace       used 106562K, committed 108352K, reserved 1179648K
  class space    used 14862K, committed 15616K, reserved 1048576K
}
Event: 108.466 GC heap before
{Heap before GC invocations=75 (full 0):
 garbage-first heap   total 655360K, used 532699K [0x00000006e0000000, 0x0000000800000000)
  region size 4096K, 48 young (196608K), 4 survivors (16384K)
 Metaspace       used 106843K, committed 108736K, reserved 1179648K
  class space    used 14897K, committed 15680K, reserved 1048576K
}
Event: 108.485 GC heap after
{Heap after GC invocations=76 (full 0):
 garbage-first heap   total 655360K, used 364185K [0x00000006e0000000, 0x0000000800000000)
  region size 4096K, 6 young (24576K), 6 survivors (24576K)
 Metaspace       used 106843K, committed 108736K, reserved 1179648K
  class space    used 14897K, committed 15680K, reserved 1048576K
}
Event: 109.524 GC heap before
{Heap before GC invocations=76 (full 0):
 garbage-first heap   total 655360K, used 536217K [0x00000006e0000000, 0x0000000800000000)
  region size 4096K, 49 young (200704K), 6 survivors (24576K)
 Metaspace       used 107042K, committed 108928K, reserved 1179648K
  class space    used 14921K, committed 15744K, reserved 1048576K
}
Event: 109.545 GC heap after
{Heap after GC invocations=77 (full 0):
 garbage-first heap   total 655360K, used 369270K [0x00000006e0000000, 0x0000000800000000)
  region size 4096K, 5 young (20480K), 5 survivors (20480K)
 Metaspace       used 107042K, committed 108928K, reserved 1179648K
  class space    used 14921K, committed 15744K, reserved 1048576K
}
Event: 110.136 GC heap before
{Heap before GC invocations=77 (full 0):
 garbage-first heap   total 655360K, used 541302K [0x00000006e0000000, 0x0000000800000000)
  region size 4096K, 48 young (196608K), 5 survivors (20480K)
 Metaspace       used 107171K, committed 109056K, reserved 1179648K
  class space    used 14940K, committed 15744K, reserved 1048576K
}
Event: 110.155 GC heap after
{Heap after GC invocations=78 (full 0):
 garbage-first heap   total 655360K, used 376017K [0x00000006e0000000, 0x0000000800000000)
  region size 4096K, 4 young (16384K), 4 survivors (16384K)
 Metaspace       used 107171K, committed 109056K, reserved 1179648K
  class space    used 14940K, committed 15744K, reserved 1048576K
}
Event: 110.856 GC heap before
{Heap before GC invocations=78 (full 0):
 garbage-first heap   total 655360K, used 543953K [0x00000006e0000000, 0x0000000800000000)
  region size 4096K, 46 young (188416K), 4 survivors (16384K)
 Metaspace       used 107405K, committed 109312K, reserved 1179648K
  class space    used 14977K, committed 15808K, reserved 1048576K
}
Event: 110.873 GC heap after
{Heap after GC invocations=79 (full 0):
 garbage-first heap   total 655360K, used 383609K [0x00000006e0000000, 0x0000000800000000)
  region size 4096K, 5 young (20480K), 5 survivors (20480K)
 Metaspace       used 107405K, committed 109312K, reserved 1179648K
  class space    used 14977K, committed 15808K, reserved 1048576K
}
Event: 111.886 GC heap before
{Heap before GC invocations=79 (full 0):
 garbage-first heap   total 655360K, used 543353K [0x00000006e0000000, 0x0000000800000000)
  region size 4096K, 45 young (184320K), 5 survivors (20480K)
 Metaspace       used 108078K, committed 110080K, reserved 1179648K
  class space    used 15077K, committed 15936K, reserved 1048576K
}
Event: 111.913 GC heap after
{Heap after GC invocations=80 (full 0):
 garbage-first heap   total 655360K, used 398718K [0x00000006e0000000, 0x0000000800000000)
  region size 4096K, 6 young (24576K), 6 survivors (24576K)
 Metaspace       used 108078K, committed 110080K, reserved 1179648K
  class space    used 15077K, committed 15936K, reserved 1048576K
}
Event: 112.537 GC heap before
{Heap before GC invocations=80 (full 0):
 garbage-first heap   total 655360K, used 542078K [0x00000006e0000000, 0x0000000800000000)
  region size 4096K, 42 young (172032K), 6 survivors (24576K)
 Metaspace       used 108350K, committed 110400K, reserved 1179648K
  class space    used 15110K, committed 16000K, reserved 1048576K
}
Event: 112.575 GC heap after
{Heap after GC invocations=81 (full 0):
 garbage-first heap   total 786432K, used 407026K [0x00000006e0000000, 0x0000000800000000)
  region size 4096K, 3 young (12288K), 3 survivors (12288K)
 Metaspace       used 108350K, committed 110400K, reserved 1179648K
  class space    used 15110K, committed 16000K, reserved 1048576K
}
Event: 121.724 GC heap before
{Heap before GC invocations=81 (full 0):
 garbage-first heap   total 786432K, used 656882K [0x00000006e0000000, 0x0000000800000000)
  region size 4096K, 64 young (262144K), 3 survivors (12288K)
 Metaspace       used 110104K, committed 112256K, reserved 1179648K
  class space    used 15294K, committed 16256K, reserved 1048576K
}
Event: 121.793 GC heap after
{Heap after GC invocations=82 (full 0):
 garbage-first heap   total 786432K, used 435873K [0x00000006e0000000, 0x0000000800000000)
  region size 4096K, 8 young (32768K), 8 survivors (32768K)
 Metaspace       used 110104K, committed 112256K, reserved 1179648K
  class space    used 15294K, committed 16256K, reserved 1048576K
}
Event: 124.335 GC heap before
{Heap before GC invocations=82 (full 0):
 garbage-first heap   total 786432K, used 501409K [0x00000006e0000000, 0x0000000800000000)
  region size 4096K, 25 young (102400K), 8 survivors (32768K)
 Metaspace       used 112723K, committed 114816K, reserved 1179648K
  class space    used 15593K, committed 16512K, reserved 1048576K
}
Event: 124.401 GC heap after
{Heap after GC invocations=83 (full 0):
 garbage-first heap   total 786432K, used 445442K [0x00000006e0000000, 0x0000000800000000)
  region size 4096K, 3 young (12288K), 3 survivors (12288K)
 Metaspace       used 112723K, committed 114816K, reserved 1179648K
  class space    used 15593K, committed 16512K, reserved 1048576K
}

